1: Santa: going to sleep
2: Elf 1: started
3: Elf 2: started
4: Elf 3: started
5: Elf 1: need help
6: Elf 4: started
7: Elf 2: need help
8: Elf 4: need help
9: Elf 8: started
10: Elf 6: started
11: Elf 10: started
12: RD 1: rstarted
13: Elf 3: need help
14: Santa: helping elves
15: Elf 9: started
16: Elf 8: need help
17: Elf 9: need help
18: Elf 7: started
19: Elf 5: started
20: Elf 10: need help
21: Elf 2: get help
22: Elf 5: need help
23: Elf 1: get help
24: RD 1: return home
25: Elf 6: need help
26: Elf 7: need help
27: Elf 4: get help
28: Elf 2: need help
29: Elf 4: need help
30: Elf 1: need help
31: Santa: going to sleep
32: Santa: closing workshop
33: RD 1: get hitched
34: Elf 10: taking holidays
35: Elf 8: taking holidays
36: Elf 2: taking holidays
37: Elf 9: taking holidays
38: Elf 7: taking holidays
39: Elf 1: taking holidays
40: Santa: Christmas started
41: Elf 4: taking holidays
42: Elf 5: taking holidays
43: Elf 3: taking holidays
44: Elf 6: taking holidays
